<?xml version="1.0" encoding="UTF-8"?>
<!-- Generated by org.testng.reporters.JUnitReportReporter -->
<testsuite skipped="0" hostname="DESKTOP-OCUP4UH" name="testCases.TestCases" tests="1" failures="0" timestamp="2022-03-13T12:39:19 BDT" time="4.142" errors="0">
  <testcase name="landingPage" time="4.142" classname="testCases.TestCases"/>
  <system-out/>
</testsuite> <!-- testCases.TestCases -->
